YAAA
YCAA
YCIA
YCJA
YCJQ
YCJY
YEIA
YGIA
YEJA
YGAI
YGJA
YEJQ
YGII
YGJQ
YGJI
YGJY
YGYA
YERQ
YGZA
YGRQ
YGYI
YGRI
YERY
YGZQ
YGZI
YGRY
YGZY
YGbA
YGaQ
YGbQ
YGbI
YGaY
YGbY
YGbw
YGb4
YIRA
YKYA
YKRA
YKQQ
YKZA
YKYQ
YKRQ
YKZQ
YKYY
YKZY
YMYQ
YOZA
YOYQ
YMZQ
YOYI
YORI
YOZQ
YOZI
YOYY
YOZY
YKaA
YIbA
YKSQ
YKbA
YKaQ
YKaI
YIbI
YKSY
YKbQ
YKbI
YKaY
YKbY
YOA4
YOJw
YOI4
YOJ4
YMbQ
YObQ
YObI
YOaY
YMbY
YObY
YOZw
YOY4
YOR4
YOZ4
YObw
YOb4
YO5A
YO4Q
YO5Q
YO4Y
YO5Y
YMrA
YOrA
YOjQ
YMrQ
YOiY
YMqY
YOrQ
YOqY
YMrY
YOrY
YO7A
YO6Q
YO7Q
YO7I
YO7Y
YO5w
YO44
YOx4
YO54
YOrw
YMr4
YOr4
YO74
YO/A
YO/Q
YO+Y
YO/Y
YO/4
YUqQ
YWrA
YWqQ
YWjI
YWrQ
YWrI
YWrY
YW6Q
YW7Q
YW7I
YW6Y
YWzY
YW7Y
YW7w
YW74
Ya7A
Ya6Q
Ya7Q
Ya7Y
Yc7Q
Ye7Q
Ye6Y
Ye7Y
Ye74
YefQ
YefI
YefY
YePw
YeH4
YeP4
Yef4
Ye/4
Yf7Q
Yf7I
YfzY
Yf7Y
Yf7w
Yf74
Yf/4
Y//4
